<?xml version="1.0" encoding="UTF-8"?>
<testng-results ignored="3" total="8" passed="4" failed="1" skipped="0">
  <reporter-output>
  </reporter-output>
  <suite started-at="2024-06-04T17:06:05 IST" name="Practice Suite" finished-at="2024-06-04T17:07:13 IST" duration-ms="67915">
    <groups>
    </groups>
    <test started-at="2024-06-04T17:06:05 IST" name="Test Basics 1" finished-at="2024-06-04T17:07:13 IST" duration-ms="67915">
      <class name="tests.TestViewRequirement">
        <test-method signature="testViewRequirment()[pri:2, instance:tests.TestViewRequirement@909217e]" started-at="2024-06-04T17:06:59 IST" name="testViewRequirment" finished-at="2024-06-04T17:07:08 IST" duration-ms="8428" status="PASS">
          <reporter-output>
          </reporter-output>
        </test-method> <!-- testViewRequirment -->
        <test-method signature="testlogout()[pri:3, instance:tests.TestViewRequirement@909217e]" started-at="2024-06-04T17:07:08 IST" name="testlogout" finished-at="2024-06-04T17:07:10 IST" duration-ms="2300" status="PASS">
          <reporter-output>
          </reporter-output>
        </test-method> <!-- testlogout -->
      </class> <!-- tests.TestViewRequirement -->
      <class name="tests.TestMacreqAction">
        <test-method signature="macreqLogin()[pri:4, instance:tests.TestMacreqAction@18271936]" started-at="2024-06-04T17:07:10 IST" name="macreqLogin" finished-at="2024-06-04T17:07:13 IST" duration-ms="2440" status="FAIL">
          <exception class="java.lang.NullPointerException">
            <message>
              <![CDATA[Cannot invoke "org.openqa.selenium.WebDriver.manage()" because "this.driver" is null]]>
            </message>
            <full-stacktrace>
              <![CDATA[java.lang.NullPointerException: Cannot invoke "org.openqa.selenium.WebDriver.manage()" because "this.driver" is null
at pages.MacreqTeamActions.submit(MacreqTeamActions.java:47)
at tests.TestMacreqAction.macreqLogin(TestMacreqAction.java:15)
at java.base/jdk.internal.reflect.NativeMethodAccessorImpl.invoke0(Native Method)
at java.base/jdk.internal.reflect.NativeMethodAccessorImpl.invoke(NativeMethodAccessorImpl.java:77)
at java.base/jdk.internal.reflect.DelegatingMethodAccessorImpl.invoke(DelegatingMethodAccessorImpl.java:43)
at java.base/java.lang.reflect.Method.invoke(Method.java:568)
at org.testng.internal.MethodInvocationHelper.invokeMethod(MethodInvocationHelper.java:133)
at org.testng.internal.TestInvoker.invokeMethod(TestInvoker.java:598)
at org.testng.internal.TestInvoker.invokeTestMethod(TestInvoker.java:173)
at org.testng.internal.MethodRunner.runInSequence(MethodRunner.java:46)
at org.testng.internal.TestInvoker$MethodInvocationAgent.invoke(TestInvoker.java:824)
at org.testng.internal.TestInvoker.invokeTestMethods(TestInvoker.java:146)
at org.testng.internal.TestMethodWorker.invokeTestMethods(TestMethodWorker.java:146)
at org.testng.internal.TestMethodWorker.run(TestMethodWorker.java:128)
at java.base/java.util.ArrayList.forEach(ArrayList.java:1511)
at org.testng.TestRunner.privateRun(TestRunner.java:794)
at org.testng.TestRunner.run(TestRunner.java:596)
at org.testng.SuiteRunner.runTest(SuiteRunner.java:377)
at org.testng.SuiteRunner.runSequentially(SuiteRunner.java:371)
at org.testng.SuiteRunner.privateRun(SuiteRunner.java:332)
at org.testng.SuiteRunner.run(SuiteRunner.java:276)
at org.testng.SuiteRunnerWorker.runSuite(SuiteRunnerWorker.java:53)
at org.testng.SuiteRunnerWorker.run(SuiteRunnerWorker.java:96)
at org.testng.TestNG.runSuitesSequentially(TestNG.java:1212)
at org.testng.TestNG.runSuitesLocally(TestNG.java:1134)
at org.testng.TestNG.runSuites(TestNG.java:1063)
at org.testng.TestNG.run(TestNG.java:1031)
at org.testng.remote.AbstractRemoteTestNG.run(AbstractRemoteTestNG.java:115)
at org.testng.remote.RemoteTestNG.initAndRun(RemoteTestNG.java:293)
at org.testng.remote.RemoteTestNG.main(RemoteTestNG.java:91)
]]>
            </full-stacktrace>
          </exception> <!-- java.lang.NullPointerException -->
          <reporter-output>
          </reporter-output>
        </test-method> <!-- macreqLogin -->
      </class> <!-- tests.TestMacreqAction -->
      <class name="tests.TestAddRequirement">
        <test-method signature="testAddRequirmentVerification()[pri:1, instance:tests.TestAddRequirement@72035809]" started-at="2024-06-04T17:06:10 IST" name="testAddRequirmentVerification" finished-at="2024-06-04T17:06:59 IST" duration-ms="49986" status="PASS">
          <reporter-output>
          </reporter-output>
        </test-method> <!-- testAddRequirmentVerification -->
      </class> <!-- tests.TestAddRequirement -->
      <class name="tests.LoginVerification">
        <test-method is-config="true" signature="setup()[pri:0, instance:tests.LoginVerification@d737b89]" started-at="2024-06-04T17:05:47 IST" name="setup" finished-at="2024-06-04T17:06:05 IST" duration-ms="18240" status="PASS">
          <reporter-output>
          </reporter-output>
        </test-method> <!-- setup -->
        <test-method signature="testloginVerification()[pri:0, instance:tests.LoginVerification@d737b89]" started-at="2024-06-04T17:06:05 IST" name="testloginVerification" finished-at="2024-06-04T17:06:09 IST" duration-ms="4685" status="PASS">
          <reporter-output>
          </reporter-output>
        </test-method> <!-- testloginVerification -->
      </class> <!-- tests.LoginVerification -->
    </test> <!-- Test Basics 1 -->
  </suite> <!-- Practice Suite -->
</testng-results>
