<?xml version="1.0" encoding="UTF-8"?>
<!-- Generated by org.testng.reporters.JUnitXMLReporter -->
<testsuite ignored="3" hostname="5CD1394VXG" failures="1" tests="5" name="Test Basics 1" time="58.788" errors="0" timestamp="2024-06-03T18:13:27 IST">
  <testcase classname="tests.LoginVerification" name="testloginVerification" time="4.203"/>
  <testcase classname="tests.TestAddRequirement" name="testAddRequirmentVerification" time="41.855"/>
  <testcase classname="tests.TestViewRequirement" name="testViewRequirment" time="8.256"/>
  <testcase classname="tests.TestViewRequirement" name="testlogout" time="2.251"/>
  <testcase classname="tests.TestMacreqAction" name="macreqLogin" time="2.188">
    <failure type="java.lang.NullPointerException" message="Cannot invoke &amp;quot;org.openqa.selenium.WebDriver.manage()&amp;quot; because &amp;quot;this.driver&amp;quot; is null">
      <![CDATA[java.lang.NullPointerException: Cannot invoke "org.openqa.selenium.WebDriver.manage()" because "this.driver" is null
at pages.MacreqTeamActions.submit(MacreqTeamActions.java:47)
at tests.TestMacreqAction.macreqLogin(TestMacreqAction.java:15)
at java.base/java.util.ArrayList.forEach(ArrayList.java:1511)
... Removed 27 stack frames]]>
    </failure>
  </testcase> <!-- macreqLogin -->
  <testcase classname="base.BaseTest" name="@BeforeSuite setup" time="0.0">
    <ignored/>
  </testcase> <!-- @BeforeSuite setup -->
  <testcase classname="base.BaseTest" name="@BeforeSuite setup" time="0.0">
    <ignored/>
  </testcase> <!-- @BeforeSuite setup -->
  <testcase classname="base.BaseTest" name="@BeforeSuite setup" time="0.0">
    <ignored/>
  </testcase> <!-- @BeforeSuite setup -->
</testsuite> <!-- Test Basics 1 -->
